[2022-11-03 13:37:34,557] multiqc                                            [DEBUG  ]  This is MultiQC v1.11
[2022-11-03 13:37:34,557] multiqc                                            [DEBUG  ]  No MultiQC config found: /usr/local/lib/python3.9/site-packages/multiqc_config.yaml
[2022-11-03 13:37:34,557] multiqc                                            [DEBUG  ]  No MultiQC config found: /home/val/.multiqc_config.yaml
[2022-11-03 13:37:34,586] multiqc                                            [DEBUG  ]  Loading config settings from: multiqc_config.yml
[2022-11-03 13:37:34,586] multiqc                                            [DEBUG  ]  New config 'report_comment': This report has been generated by the <a href="https://github.com/nf-core/rnaseq" target="_blank">nf-core/rnaseq</a> analysis pipeline. For information about how to interpret these results, please see the <a href="https://nf-co.re/rnaseq" target="_blank">documentation</a>.

[2022-11-03 13:37:34,586] multiqc                                            [DEBUG  ]  New config 'report_section_order': {'software_versions': {'order': -1000}, 'nf-core-rnaseq-summary': {'order': -1001}}
[2022-11-03 13:37:34,586] multiqc                                            [DEBUG  ]  New config 'export_plots': True
[2022-11-03 13:37:34,586] multiqc                                            [DEBUG  ]  New config 'run_modules': ['custom_content', 'fastqc', 'cutadapt', 'sortmerna', 'star', 'hisat2', 'rsem', 'salmon', 'samtools', 'picard', 'preseq', 'rseqc', 'qualimap']
[2022-11-03 13:37:34,586] multiqc                                            [DEBUG  ]  New config 'top_modules': ['fail_trimmed_samples', 'fail_mapped_samples', 'fail_strand_check', 'star_rsem_deseq2_pca', 'star_rsem_deseq2_clustering', 'star_salmon_deseq2_pca', 'star_salmon_deseq2_clustering', 'salmon_deseq2_pca', 'salmon_deseq2_clustering', 'biotype_counts', 'dupradar']
[2022-11-03 13:37:34,586] multiqc                                            [DEBUG  ]  New config 'module_order': [{'fastqc': {'name': 'FastQC (raw)', 'info': 'This section of the report shows FastQC results before adapter trimming.', 'path_filters': ['./fastqc/*.zip']}}, 'cutadapt', {'fastqc': {'name': 'FastQC (trimmed)', 'info': 'This section of the report shows FastQC results after adapter trimming.', 'path_filters': ['./trimgalore/fastqc/*.zip']}}]
[2022-11-03 13:37:34,586] multiqc                                            [DEBUG  ]  New config 'table_columns_visible': {'fastqc': {'percent_duplicates': False}}
[2022-11-03 13:37:34,586] multiqc                                            [DEBUG  ]  Added to filename clean extensions: ['.umi_dedup', '_val', '.markdup']
[2022-11-03 13:37:34,586] multiqc                                            [DEBUG  ]  Added to filename patterns: {'cutadapt': {'fn': '*trimming_report.txt'}, 'sortmerna': {'fn': '*.sortmerna.log'}, 'hisat2': {'fn': '*.hisat2.summary.log'}, 'salmon/meta': {'fn': 'meta_info.json'}, 'preseq': {'fn': '*.lc_extrap.txt'}, 'samtools/stats': {'fn': '*.stats'}, 'samtools/flagstat': {'fn': '*.flagstat'}, 'samtools/idxstats': {'fn': '*.idxstats*'}, 'rseqc/bam_stat': {'fn': '*.bam_stat.txt'}, 'rseqc/gene_body_coverage': {'skip': True}, 'rseqc/junction_annotation': {'fn': '*.junction_annotation.log'}, 'rseqc/read_gc': {'skip': True}, 'rseqc/read_distribution': {'fn': '*.read_distribution.txt'}, 'rseqc/infer_experiment': {'fn': '*.infer_experiment.txt'}, 'rseqc/tin': {'fn': '*.tin.txt'}, 'picard/markdups': {'fn': '*.MarkDuplicates.metrics.txt'}, 'picard/alignment_metrics': {'skip': True}, 'picard/basedistributionbycycle': {'skip': True}, 'picard/gcbias': {'skip': True}, 'picard/hsmetrics': {'skip': True}, 'picard/insertsize': {'skip': True}, 'picard/oxogmetrics': {'skip': True}, 'picard/pcr_metrics': {'skip': True}, 'picard/quality_by_cycle': {'skip': True}, 'picard/quality_score_distribution': {'skip': True}, 'picard/quality_yield_metrics': {'skip': True}, 'picard/rnaseqmetrics': {'skip': True}, 'picard/rrbs_metrics': {'skip': True}, 'picard/sam_file_validation': {'skip': True}, 'picard/variant_calling_metrics': {'skip': True}, 'picard/wgs_metrics': {'skip': True}}
[2022-11-03 13:37:34,586] multiqc                                            [DEBUG  ]  New config 'custom_data': {'fail_trimmed_samples': {'section_name': 'WARNING: Fail Trimming Check', 'description': "List of samples that failed the minimum trimmed reads threshold specified via the '--min_trimmed_reads' parameter, and hence were ignored for the downstream processing steps.", 'plot_type': 'table', 'pconfig': {'id': 'fail_trimmed_samples_table', 'table_title': 'Samples failed trimming threshold', 'namespace': 'Samples failed trimming threshold', 'format': '{:.0f}'}}, 'fail_mapped_samples': {'section_name': 'WARNING: Fail Alignment Check', 'description': "List of samples that failed the STAR minimum mapped reads threshold specified via the '--min_mapped_reads' parameter, and hence were ignored for the downstream processing steps.", 'plot_type': 'table', 'pconfig': {'id': 'fail_mapped_samples_table', 'table_title': 'Samples failed mapping threshold', 'namespace': 'Samples failed mapping threshold', 'format': '{:.2f}'}}, 'fail_strand_check': {'section_name': 'WARNING: Fail Strand Check', 'description': "List of samples that failed the strandedness check between that provided in the samplesheet and calculated by the <a href='http://rseqc.sourceforge.net/#infer-experiment-py'>RSeQC infer_experiment.py</a> tool.", 'plot_type': 'table', 'pconfig': {'id': 'fail_strand_check_table', 'table_title': 'Samples failed strandedness check', 'namespace': 'Samples failed strandedness check', 'format': '{:.2f}'}}}
[2022-11-03 13:37:34,586] multiqc                                            [DEBUG  ]  Command used: /usr/local/bin/multiqc -f .
[2022-11-03 13:37:36,153] multiqc                                            [WARNING]  MultiQC Version v1.13 now available!
[2022-11-03 13:37:36,153] multiqc                                            [DEBUG  ]  Command     : /usr/local/bin/multiqc -f .
[2022-11-03 13:37:36,153] multiqc                                            [DEBUG  ]  Working dir : /storage2/Bermejo/work/4f/4254ad1effb14a285098de5e77c400
[2022-11-03 13:37:36,154] multiqc                                            [DEBUG  ]  Template    : default
[2022-11-03 13:37:36,154] multiqc                                            [DEBUG  ]  Running Python 3.9.5 | packaged by conda-forge | (default, Jun 19 2021, 00:32:32)  [GCC 9.3.0]
[2022-11-03 13:37:36,154] multiqc                                            [INFO   ]  Only using modules: custom_content, fastqc, cutadapt, sortmerna, star, hisat2, rsem, salmon, samtools, picard, preseq, rseqc, qualimap
[2022-11-03 13:37:36,154] multiqc                                            [DEBUG  ]  Analysing modules: custom_content, hisat2, picard, preseq, qualimap, rsem, rseqc, salmon, samtools, sortmerna, star, fastqc, cutadapt, fastqc
[2022-11-03 13:37:36,155] multiqc                                            [DEBUG  ]  Using temporary directory for creating report: /tmp/tmpd5wiin3k
[2022-11-03 13:37:36,237] multiqc                                            [INFO   ]  Search path : /storage2/Bermejo/work/4f/4254ad1effb14a285098de5e77c400
[2022-11-03 13:37:36,237] multiqc                                            [DEBUG  ]  Ignored 218 search patterns as didn't match running modules.
[2022-11-03 13:37:36,237] multiqc                                            [INFO   ]  Skipping 17 file search patterns
[2022-11-03 13:37:36,237] multiqc                                            [DEBUG  ]  Skipping search patterns: picard/alignment_metrics, picard/basedistributionbycycle, picard/gcbias, picard/hsmetrics, picard/insertsize, picard/oxogmetrics, picard/pcr_metrics, picard/quality_by_cycle, picard/quality_score_distribution, picard/quality_yield_metrics, picard/rnaseqmetrics, picard/rrbs_metrics, picard/sam_file_validation, picard/variant_calling_metrics, picard/wgs_metrics, rseqc/gene_body_coverage, rseqc/read_gc
[2022-11-03 13:37:39,832] multiqc.plots.bargraph                             [DEBUG  ]  Using matplotlib version 3.4.2
[2022-11-03 13:37:39,837] multiqc.plots.linegraph                            [DEBUG  ]  Using matplotlib version 3.4.2
[2022-11-03 13:37:41,392] multiqc.modules.custom_content.custom_content      [INFO   ]  nf-core-rnaseq-summary: Found 1 sample (html)
[2022-11-03 13:37:41,392] multiqc.modules.custom_content.custom_content      [INFO   ]  software_versions: Found 1 sample (html)
[2022-11-03 13:37:41,416] multiqc.modules.custom_content.custom_content      [INFO   ]  fail_strand_check: Found 34 samples (table)
[2022-11-03 13:37:41,417] multiqc.modules.custom_content.custom_content      [INFO   ]  star_salmon_deseq2_clustering: Found 34 samples (heatmap)
[2022-11-03 13:37:41,417] multiqc.modules.custom_content.custom_content      [INFO   ]  star_salmon_deseq2_pca: Found 34 samples (scatter)
[2022-11-03 13:37:41,417] multiqc.modules.custom_content.custom_content      [INFO   ]  biotype-gs: Found 34 General Statistics columns
[2022-11-03 13:37:46,379] multiqc.modules.custom_content.custom_content      [INFO   ]  biotype_counts: Found 34 samples (bargraph)
[2022-11-03 13:37:57,311] multiqc.modules.custom_content.custom_content      [INFO   ]  dupradar: Found 34 samples (linegraph)
[2022-11-03 13:37:57,311] multiqc.modules.custom_content.custom_content      [INFO   ]  DupInt: Found 34 General Statistics columns
[2022-11-03 13:37:57,317] multiqc                                            [DEBUG  ]  No samples found: hisat2
[2022-11-03 13:37:58,865] multiqc.modules.picard.picard                      [INFO   ]  Found 34 MarkDuplicates reports
[2022-11-03 13:37:59,545] multiqc.modules.preseq.preseq                      [INFO   ]  Found 34 reports
[2022-11-03 13:38:10,648] multiqc.modules.qualimap.qualimap                  [INFO   ]  Found 34 RNASeq reports
[2022-11-03 13:38:10,651] multiqc                                            [DEBUG  ]  No samples found: rsem
[2022-11-03 13:38:13,329] multiqc.modules.rseqc.rseqc                        [INFO   ]  Found 34 read_distribution reports
[2022-11-03 13:38:14,348] multiqc.modules.rseqc.rseqc                        [INFO   ]  Found 34 read_duplication reports
[2022-11-03 13:38:17,291] multiqc.modules.rseqc.rseqc                        [INFO   ]  Found 34 junction_annotation reports
[2022-11-03 13:38:18,923] multiqc.modules.rseqc.rseqc                        [INFO   ]  Found 34 junction_saturation reports
[2022-11-03 13:38:20,034] multiqc.modules.rseqc.rseqc                        [INFO   ]  Found 34 infer_experiment reports
[2022-11-03 13:38:20,360] multiqc.modules.rseqc.rseqc                        [INFO   ]  Found 34 bam_stat reports
[2022-11-03 13:38:20,364] multiqc                                            [DEBUG  ]  No samples found: salmon
[2022-11-03 13:38:21,609] multiqc.modules.samtools.samtools                  [INFO   ]  Found 34 stats reports
[2022-11-03 13:38:21,726] multiqc.modules.samtools.samtools                  [INFO   ]  Found 34 flagstat reports
[2022-11-03 13:38:24,695] multiqc.modules.samtools.samtools                  [INFO   ]  Found 34 idxstats reports
[2022-11-03 13:38:24,700] multiqc                                            [DEBUG  ]  No samples found: sortmerna
[2022-11-03 13:38:24,854] multiqc.modules.star.star                          [INFO   ]  Found 34 reports
[2022-11-03 13:38:26,448] multiqc.modules.base_module                        [DEBUG  ]  fastqc/zip - Selecting 'GEM_50_TAX_10_6_fastqc.zip' as it matched the path_filters for 'FastQC (raw)'
[2022-11-03 13:38:26,506] multiqc.modules.base_module                        [DEBUG  ]  fastqc/zip - Selecting 'GEM_50_TAX_10_3_fastqc.zip' as it matched the path_filters for 'FastQC (raw)'
[2022-11-03 13:38:26,540] multiqc.modules.base_module                        [DEBUG  ]  fastqc/zip - Selecting 'VPA_1_fastqc.zip' as it matched the path_filters for 'FastQC (raw)'
[2022-11-03 13:38:26,591] multiqc.modules.base_module                        [DEBUG  ]  fastqc/zip - Selecting 'VPA_SIM_6_fastqc.zip' as it matched the path_filters for 'FastQC (raw)'
[2022-11-03 13:38:26,636] multiqc.modules.base_module                        [DEBUG  ]  fastqc/zip - Selecting 'VPA_3_fastqc.zip' as it matched the path_filters for 'FastQC (raw)'
[2022-11-03 13:38:26,682] multiqc.modules.base_module                        [DEBUG  ]  fastqc/zip - Selecting 'CTR_6_fastqc.zip' as it matched the path_filters for 'FastQC (raw)'
[2022-11-03 13:38:26,739] multiqc.modules.base_module                        [DEBUG  ]  fastqc/zip - Selecting 'SIM_4_fastqc.zip' as it matched the path_filters for 'FastQC (raw)'
[2022-11-03 13:38:26,786] multiqc.modules.base_module                        [DEBUG  ]  fastqc/zip - Selecting 'VPA_SIM_1_fastqc.zip' as it matched the path_filters for 'FastQC (raw)'
[2022-11-03 13:38:26,830] multiqc.modules.base_module                        [DEBUG  ]  fastqc/zip - Selecting 'VPA_4_fastqc.zip' as it matched the path_filters for 'FastQC (raw)'
[2022-11-03 13:38:26,876] multiqc.modules.base_module                        [DEBUG  ]  fastqc/zip - Selecting 'GEM_50_TAX_10_1_fastqc.zip' as it matched the path_filters for 'FastQC (raw)'
[2022-11-03 13:38:26,922] multiqc.modules.base_module                        [DEBUG  ]  fastqc/zip - Selecting 'CTR_4_fastqc.zip' as it matched the path_filters for 'FastQC (raw)'
[2022-11-03 13:38:26,966] multiqc.modules.base_module                        [DEBUG  ]  fastqc/zip - Selecting 'VS_GEM_50_TAX_10_6_fastqc.zip' as it matched the path_filters for 'FastQC (raw)'
[2022-11-03 13:38:27,001] multiqc.modules.base_module                        [DEBUG  ]  fastqc/zip - Selecting 'SIM_5_fastqc.zip' as it matched the path_filters for 'FastQC (raw)'
[2022-11-03 13:38:27,050] multiqc.modules.base_module                        [DEBUG  ]  fastqc/zip - Selecting 'CTR_2_fastqc.zip' as it matched the path_filters for 'FastQC (raw)'
[2022-11-03 13:38:27,112] multiqc.modules.base_module                        [DEBUG  ]  fastqc/zip - Selecting 'VPA_6_fastqc.zip' as it matched the path_filters for 'FastQC (raw)'
[2022-11-03 13:38:27,171] multiqc.modules.base_module                        [DEBUG  ]  fastqc/zip - Selecting 'CTR_5_fastqc.zip' as it matched the path_filters for 'FastQC (raw)'
[2022-11-03 13:38:27,216] multiqc.modules.base_module                        [DEBUG  ]  fastqc/zip - Selecting 'GEM_50_TAX_10_2_fastqc.zip' as it matched the path_filters for 'FastQC (raw)'
[2022-11-03 13:38:27,251] multiqc.modules.base_module                        [DEBUG  ]  fastqc/zip - Selecting 'VPA_5_fastqc.zip' as it matched the path_filters for 'FastQC (raw)'
[2022-11-03 13:38:27,286] multiqc.modules.base_module                        [DEBUG  ]  fastqc/zip - Selecting 'VPA_SIM_2_fastqc.zip' as it matched the path_filters for 'FastQC (raw)'
[2022-11-03 13:38:27,346] multiqc.modules.base_module                        [DEBUG  ]  fastqc/zip - Selecting 'SIM_6_fastqc.zip' as it matched the path_filters for 'FastQC (raw)'
[2022-11-03 13:38:27,397] multiqc.modules.base_module                        [DEBUG  ]  fastqc/zip - Selecting 'CTR_3_fastqc.zip' as it matched the path_filters for 'FastQC (raw)'
[2022-11-03 13:38:28,398] multiqc.modules.base_module                        [DEBUG  ]  fastqc/zip - Selecting 'VS_GEM_50_TAX_10_3_fastqc.zip' as it matched the path_filters for 'FastQC (raw)'
[2022-11-03 13:38:28,621] multiqc.modules.base_module                        [DEBUG  ]  fastqc/zip - Selecting 'VS_GEM_50_TAX_10_1_fastqc.zip' as it matched the path_filters for 'FastQC (raw)'
[2022-11-03 13:38:28,816] multiqc.modules.base_module                        [DEBUG  ]  fastqc/zip - Selecting 'VS_GEM_50_TAX_10_5_fastqc.zip' as it matched the path_filters for 'FastQC (raw)'
[2022-11-03 13:38:28,957] multiqc.modules.base_module                        [DEBUG  ]  fastqc/zip - Selecting 'VS_GEM_50_TAX_10_4_fastqc.zip' as it matched the path_filters for 'FastQC (raw)'
[2022-11-03 13:38:29,033] multiqc.modules.base_module                        [DEBUG  ]  fastqc/zip - Selecting 'SIM_1_fastqc.zip' as it matched the path_filters for 'FastQC (raw)'
[2022-11-03 13:38:29,108] multiqc.modules.base_module                        [DEBUG  ]  fastqc/zip - Selecting 'VS_GEM_50_TAX_10_2_fastqc.zip' as it matched the path_filters for 'FastQC (raw)'
[2022-11-03 13:38:29,179] multiqc.modules.base_module                        [DEBUG  ]  fastqc/zip - Selecting 'GEM_50_TAX_10_5_fastqc.zip' as it matched the path_filters for 'FastQC (raw)'
[2022-11-03 13:38:29,265] multiqc.modules.base_module                        [DEBUG  ]  fastqc/zip - Selecting 'VPA_SIM_5_fastqc.zip' as it matched the path_filters for 'FastQC (raw)'
[2022-11-03 13:38:29,350] multiqc.modules.base_module                        [DEBUG  ]  fastqc/zip - Selecting 'VPA_2_fastqc.zip' as it matched the path_filters for 'FastQC (raw)'
[2022-11-03 13:38:30,418] multiqc.modules.base_module                        [DEBUG  ]  fastqc/zip - Selecting 'VPA_SIM_3_fastqc.zip' as it matched the path_filters for 'FastQC (raw)'
[2022-11-03 13:38:30,509] multiqc.modules.base_module                        [DEBUG  ]  fastqc/zip - Selecting 'SIM_3_fastqc.zip' as it matched the path_filters for 'FastQC (raw)'
[2022-11-03 13:38:30,553] multiqc.modules.base_module                        [DEBUG  ]  fastqc/zip - Selecting 'SIM_2_fastqc.zip' as it matched the path_filters for 'FastQC (raw)'
[2022-11-03 13:38:30,608] multiqc.modules.base_module                        [DEBUG  ]  fastqc/zip - Selecting 'CTR_1_fastqc.zip' as it matched the path_filters for 'FastQC (raw)'
[2022-11-03 13:38:30,664] multiqc.modules.base_module                        [DEBUG  ]  fastqc/zip - Skipping 'GEM_50_TAX_10_1_trimmed_fastqc.zip' as it didn't match the path_filters for 'FastQC (raw)'
[2022-11-03 13:38:30,664] multiqc.modules.base_module                        [DEBUG  ]  fastqc/zip - Skipping 'VPA_SIM_6_trimmed_fastqc.zip' as it didn't match the path_filters for 'FastQC (raw)'
[2022-11-03 13:38:30,664] multiqc.modules.base_module                        [DEBUG  ]  fastqc/zip - Skipping 'VS_GEM_50_TAX_10_6_trimmed_fastqc.zip' as it didn't match the path_filters for 'FastQC (raw)'
[2022-11-03 13:38:30,664] multiqc.modules.base_module                        [DEBUG  ]  fastqc/zip - Skipping 'SIM_1_trimmed_fastqc.zip' as it didn't match the path_filters for 'FastQC (raw)'
[2022-11-03 13:38:30,664] multiqc.modules.base_module                        [DEBUG  ]  fastqc/zip - Skipping 'CTR_5_trimmed_fastqc.zip' as it didn't match the path_filters for 'FastQC (raw)'
[2022-11-03 13:38:30,664] multiqc.modules.base_module                        [DEBUG  ]  fastqc/zip - Skipping 'GEM_50_TAX_10_2_trimmed_fastqc.zip' as it didn't match the path_filters for 'FastQC (raw)'
[2022-11-03 13:38:30,664] multiqc.modules.base_module                        [DEBUG  ]  fastqc/zip - Skipping 'VPA_SIM_5_trimmed_fastqc.zip' as it didn't match the path_filters for 'FastQC (raw)'
[2022-11-03 13:38:30,664] multiqc.modules.base_module                        [DEBUG  ]  fastqc/zip - Skipping 'GEM_50_TAX_10_3_trimmed_fastqc.zip' as it didn't match the path_filters for 'FastQC (raw)'
[2022-11-03 13:38:30,664] multiqc.modules.base_module                        [DEBUG  ]  fastqc/zip - Skipping 'VPA_2_trimmed_fastqc.zip' as it didn't match the path_filters for 'FastQC (raw)'
[2022-11-03 13:38:30,664] multiqc.modules.base_module                        [DEBUG  ]  fastqc/zip - Skipping 'VS_GEM_50_TAX_10_4_trimmed_fastqc.zip' as it didn't match the path_filters for 'FastQC (raw)'
[2022-11-03 13:38:30,664] multiqc.modules.base_module                        [DEBUG  ]  fastqc/zip - Skipping 'SIM_4_trimmed_fastqc.zip' as it didn't match the path_filters for 'FastQC (raw)'
[2022-11-03 13:38:30,664] multiqc.modules.base_module                        [DEBUG  ]  fastqc/zip - Skipping 'VS_GEM_50_TAX_10_1_trimmed_fastqc.zip' as it didn't match the path_filters for 'FastQC (raw)'
[2022-11-03 13:38:30,664] multiqc.modules.base_module                        [DEBUG  ]  fastqc/zip - Skipping 'CTR_2_trimmed_fastqc.zip' as it didn't match the path_filters for 'FastQC (raw)'
[2022-11-03 13:38:30,664] multiqc.modules.base_module                        [DEBUG  ]  fastqc/zip - Skipping 'VS_GEM_50_TAX_10_2_trimmed_fastqc.zip' as it didn't match the path_filters for 'FastQC (raw)'
[2022-11-03 13:38:30,664] multiqc.modules.base_module                        [DEBUG  ]  fastqc/zip - Skipping 'VPA_3_trimmed_fastqc.zip' as it didn't match the path_filters for 'FastQC (raw)'
[2022-11-03 13:38:30,664] multiqc.modules.base_module                        [DEBUG  ]  fastqc/zip - Skipping 'SIM_2_trimmed_fastqc.zip' as it didn't match the path_filters for 'FastQC (raw)'
[2022-11-03 13:38:30,664] multiqc.modules.base_module                        [DEBUG  ]  fastqc/zip - Skipping 'VPA_4_trimmed_fastqc.zip' as it didn't match the path_filters for 'FastQC (raw)'
[2022-11-03 13:38:30,664] multiqc.modules.base_module                        [DEBUG  ]  fastqc/zip - Skipping 'CTR_4_trimmed_fastqc.zip' as it didn't match the path_filters for 'FastQC (raw)'
[2022-11-03 13:38:30,664] multiqc.modules.base_module                        [DEBUG  ]  fastqc/zip - Skipping 'GEM_50_TAX_10_5_trimmed_fastqc.zip' as it didn't match the path_filters for 'FastQC (raw)'
[2022-11-03 13:38:30,664] multiqc.modules.base_module                        [DEBUG  ]  fastqc/zip - Skipping 'VPA_6_trimmed_fastqc.zip' as it didn't match the path_filters for 'FastQC (raw)'
[2022-11-03 13:38:30,664] multiqc.modules.base_module                        [DEBUG  ]  fastqc/zip - Skipping 'SIM_6_trimmed_fastqc.zip' as it didn't match the path_filters for 'FastQC (raw)'
[2022-11-03 13:38:30,664] multiqc.modules.base_module                        [DEBUG  ]  fastqc/zip - Skipping 'CTR_1_trimmed_fastqc.zip' as it didn't match the path_filters for 'FastQC (raw)'
[2022-11-03 13:38:30,664] multiqc.modules.base_module                        [DEBUG  ]  fastqc/zip - Skipping 'VPA_SIM_1_trimmed_fastqc.zip' as it didn't match the path_filters for 'FastQC (raw)'
[2022-11-03 13:38:30,664] multiqc.modules.base_module                        [DEBUG  ]  fastqc/zip - Skipping 'VPA_SIM_3_trimmed_fastqc.zip' as it didn't match the path_filters for 'FastQC (raw)'
[2022-11-03 13:38:30,664] multiqc.modules.base_module                        [DEBUG  ]  fastqc/zip - Skipping 'VPA_SIM_2_trimmed_fastqc.zip' as it didn't match the path_filters for 'FastQC (raw)'
[2022-11-03 13:38:30,664] multiqc.modules.base_module                        [DEBUG  ]  fastqc/zip - Skipping 'VS_GEM_50_TAX_10_3_trimmed_fastqc.zip' as it didn't match the path_filters for 'FastQC (raw)'
[2022-11-03 13:38:30,664] multiqc.modules.base_module                        [DEBUG  ]  fastqc/zip - Skipping 'VPA_1_trimmed_fastqc.zip' as it didn't match the path_filters for 'FastQC (raw)'
[2022-11-03 13:38:30,664] multiqc.modules.base_module                        [DEBUG  ]  fastqc/zip - Skipping 'VPA_5_trimmed_fastqc.zip' as it didn't match the path_filters for 'FastQC (raw)'
[2022-11-03 13:38:30,664] multiqc.modules.base_module                        [DEBUG  ]  fastqc/zip - Skipping 'SIM_5_trimmed_fastqc.zip' as it didn't match the path_filters for 'FastQC (raw)'
[2022-11-03 13:38:30,664] multiqc.modules.base_module                        [DEBUG  ]  fastqc/zip - Skipping 'CTR_6_trimmed_fastqc.zip' as it didn't match the path_filters for 'FastQC (raw)'
[2022-11-03 13:38:30,664] multiqc.modules.base_module                        [DEBUG  ]  fastqc/zip - Skipping 'SIM_3_trimmed_fastqc.zip' as it didn't match the path_filters for 'FastQC (raw)'
[2022-11-03 13:38:30,664] multiqc.modules.base_module                        [DEBUG  ]  fastqc/zip - Skipping 'CTR_3_trimmed_fastqc.zip' as it didn't match the path_filters for 'FastQC (raw)'
[2022-11-03 13:38:30,664] multiqc.modules.base_module                        [DEBUG  ]  fastqc/zip - Skipping 'VS_GEM_50_TAX_10_5_trimmed_fastqc.zip' as it didn't match the path_filters for 'FastQC (raw)'
[2022-11-03 13:38:30,664] multiqc.modules.base_module                        [DEBUG  ]  fastqc/zip - Skipping 'GEM_50_TAX_10_6_trimmed_fastqc.zip' as it didn't match the path_filters for 'FastQC (raw)'
[2022-11-03 13:38:30,664] multiqc.modules.fastqc.fastqc                      [INFO   ]  Found 34 reports
[2022-11-03 13:38:36,553] multiqc.modules.cutadapt.cutadapt                  [INFO   ]  Found 34 reports
[2022-11-03 13:38:38,429] multiqc.modules.base_module                        [DEBUG  ]  fastqc/zip - Skipping 'GEM_50_TAX_10_6_fastqc.zip' as it didn't match the path_filters for 'FastQC (trimmed)'
[2022-11-03 13:38:38,429] multiqc.modules.base_module                        [DEBUG  ]  fastqc/zip - Skipping 'GEM_50_TAX_10_3_fastqc.zip' as it didn't match the path_filters for 'FastQC (trimmed)'
[2022-11-03 13:38:38,429] multiqc.modules.base_module                        [DEBUG  ]  fastqc/zip - Skipping 'VPA_1_fastqc.zip' as it didn't match the path_filters for 'FastQC (trimmed)'
[2022-11-03 13:38:38,429] multiqc.modules.base_module                        [DEBUG  ]  fastqc/zip - Skipping 'VPA_SIM_6_fastqc.zip' as it didn't match the path_filters for 'FastQC (trimmed)'
[2022-11-03 13:38:38,429] multiqc.modules.base_module                        [DEBUG  ]  fastqc/zip - Skipping 'VPA_3_fastqc.zip' as it didn't match the path_filters for 'FastQC (trimmed)'
[2022-11-03 13:38:38,429] multiqc.modules.base_module                        [DEBUG  ]  fastqc/zip - Skipping 'CTR_6_fastqc.zip' as it didn't match the path_filters for 'FastQC (trimmed)'
[2022-11-03 13:38:38,429] multiqc.modules.base_module                        [DEBUG  ]  fastqc/zip - Skipping 'SIM_4_fastqc.zip' as it didn't match the path_filters for 'FastQC (trimmed)'
[2022-11-03 13:38:38,429] multiqc.modules.base_module                        [DEBUG  ]  fastqc/zip - Skipping 'VPA_SIM_1_fastqc.zip' as it didn't match the path_filters for 'FastQC (trimmed)'
[2022-11-03 13:38:38,429] multiqc.modules.base_module                        [DEBUG  ]  fastqc/zip - Skipping 'VPA_4_fastqc.zip' as it didn't match the path_filters for 'FastQC (trimmed)'
[2022-11-03 13:38:38,429] multiqc.modules.base_module                        [DEBUG  ]  fastqc/zip - Skipping 'GEM_50_TAX_10_1_fastqc.zip' as it didn't match the path_filters for 'FastQC (trimmed)'
[2022-11-03 13:38:38,429] multiqc.modules.base_module                        [DEBUG  ]  fastqc/zip - Skipping 'CTR_4_fastqc.zip' as it didn't match the path_filters for 'FastQC (trimmed)'
[2022-11-03 13:38:38,429] multiqc.modules.base_module                        [DEBUG  ]  fastqc/zip - Skipping 'VS_GEM_50_TAX_10_6_fastqc.zip' as it didn't match the path_filters for 'FastQC (trimmed)'
[2022-11-03 13:38:38,429] multiqc.modules.base_module                        [DEBUG  ]  fastqc/zip - Skipping 'SIM_5_fastqc.zip' as it didn't match the path_filters for 'FastQC (trimmed)'
[2022-11-03 13:38:38,429] multiqc.modules.base_module                        [DEBUG  ]  fastqc/zip - Skipping 'CTR_2_fastqc.zip' as it didn't match the path_filters for 'FastQC (trimmed)'
[2022-11-03 13:38:38,429] multiqc.modules.base_module                        [DEBUG  ]  fastqc/zip - Skipping 'VPA_6_fastqc.zip' as it didn't match the path_filters for 'FastQC (trimmed)'
[2022-11-03 13:38:38,429] multiqc.modules.base_module                        [DEBUG  ]  fastqc/zip - Skipping 'CTR_5_fastqc.zip' as it didn't match the path_filters for 'FastQC (trimmed)'
[2022-11-03 13:38:38,429] multiqc.modules.base_module                        [DEBUG  ]  fastqc/zip - Skipping 'GEM_50_TAX_10_2_fastqc.zip' as it didn't match the path_filters for 'FastQC (trimmed)'
[2022-11-03 13:38:38,429] multiqc.modules.base_module                        [DEBUG  ]  fastqc/zip - Skipping 'VPA_5_fastqc.zip' as it didn't match the path_filters for 'FastQC (trimmed)'
[2022-11-03 13:38:38,429] multiqc.modules.base_module                        [DEBUG  ]  fastqc/zip - Skipping 'VPA_SIM_2_fastqc.zip' as it didn't match the path_filters for 'FastQC (trimmed)'
[2022-11-03 13:38:38,429] multiqc.modules.base_module                        [DEBUG  ]  fastqc/zip - Skipping 'SIM_6_fastqc.zip' as it didn't match the path_filters for 'FastQC (trimmed)'
[2022-11-03 13:38:38,429] multiqc.modules.base_module                        [DEBUG  ]  fastqc/zip - Skipping 'CTR_3_fastqc.zip' as it didn't match the path_filters for 'FastQC (trimmed)'
[2022-11-03 13:38:38,429] multiqc.modules.base_module                        [DEBUG  ]  fastqc/zip - Skipping 'VS_GEM_50_TAX_10_3_fastqc.zip' as it didn't match the path_filters for 'FastQC (trimmed)'
[2022-11-03 13:38:38,429] multiqc.modules.base_module                        [DEBUG  ]  fastqc/zip - Skipping 'VS_GEM_50_TAX_10_1_fastqc.zip' as it didn't match the path_filters for 'FastQC (trimmed)'
[2022-11-03 13:38:38,429] multiqc.modules.base_module                        [DEBUG  ]  fastqc/zip - Skipping 'VS_GEM_50_TAX_10_5_fastqc.zip' as it didn't match the path_filters for 'FastQC (trimmed)'
[2022-11-03 13:38:38,429] multiqc.modules.base_module                        [DEBUG  ]  fastqc/zip - Skipping 'VS_GEM_50_TAX_10_4_fastqc.zip' as it didn't match the path_filters for 'FastQC (trimmed)'
[2022-11-03 13:38:38,429] multiqc.modules.base_module                        [DEBUG  ]  fastqc/zip - Skipping 'SIM_1_fastqc.zip' as it didn't match the path_filters for 'FastQC (trimmed)'
[2022-11-03 13:38:38,429] multiqc.modules.base_module                        [DEBUG  ]  fastqc/zip - Skipping 'VS_GEM_50_TAX_10_2_fastqc.zip' as it didn't match the path_filters for 'FastQC (trimmed)'
[2022-11-03 13:38:38,429] multiqc.modules.base_module                        [DEBUG  ]  fastqc/zip - Skipping 'GEM_50_TAX_10_5_fastqc.zip' as it didn't match the path_filters for 'FastQC (trimmed)'
[2022-11-03 13:38:38,429] multiqc.modules.base_module                        [DEBUG  ]  fastqc/zip - Skipping 'VPA_SIM_5_fastqc.zip' as it didn't match the path_filters for 'FastQC (trimmed)'
[2022-11-03 13:38:38,430] multiqc.modules.base_module                        [DEBUG  ]  fastqc/zip - Skipping 'VPA_2_fastqc.zip' as it didn't match the path_filters for 'FastQC (trimmed)'
[2022-11-03 13:38:38,430] multiqc.modules.base_module                        [DEBUG  ]  fastqc/zip - Skipping 'VPA_SIM_3_fastqc.zip' as it didn't match the path_filters for 'FastQC (trimmed)'
[2022-11-03 13:38:38,430] multiqc.modules.base_module                        [DEBUG  ]  fastqc/zip - Skipping 'SIM_3_fastqc.zip' as it didn't match the path_filters for 'FastQC (trimmed)'
[2022-11-03 13:38:38,430] multiqc.modules.base_module                        [DEBUG  ]  fastqc/zip - Skipping 'SIM_2_fastqc.zip' as it didn't match the path_filters for 'FastQC (trimmed)'
[2022-11-03 13:38:38,430] multiqc.modules.base_module                        [DEBUG  ]  fastqc/zip - Skipping 'CTR_1_fastqc.zip' as it didn't match the path_filters for 'FastQC (trimmed)'
[2022-11-03 13:38:38,430] multiqc.modules.base_module                        [DEBUG  ]  fastqc/zip - Selecting 'GEM_50_TAX_10_1_trimmed_fastqc.zip' as it matched the path_filters for 'FastQC (trimmed)'
[2022-11-03 13:38:38,497] multiqc.modules.base_module                        [DEBUG  ]  fastqc/zip - Selecting 'VPA_SIM_6_trimmed_fastqc.zip' as it matched the path_filters for 'FastQC (trimmed)'
[2022-11-03 13:38:38,531] multiqc.modules.base_module                        [DEBUG  ]  fastqc/zip - Selecting 'VS_GEM_50_TAX_10_6_trimmed_fastqc.zip' as it matched the path_filters for 'FastQC (trimmed)'
[2022-11-03 13:38:38,578] multiqc.modules.base_module                        [DEBUG  ]  fastqc/zip - Selecting 'SIM_1_trimmed_fastqc.zip' as it matched the path_filters for 'FastQC (trimmed)'
[2022-11-03 13:38:38,642] multiqc.modules.base_module                        [DEBUG  ]  fastqc/zip - Selecting 'CTR_5_trimmed_fastqc.zip' as it matched the path_filters for 'FastQC (trimmed)'
[2022-11-03 13:38:38,706] multiqc.modules.base_module                        [DEBUG  ]  fastqc/zip - Selecting 'GEM_50_TAX_10_2_trimmed_fastqc.zip' as it matched the path_filters for 'FastQC (trimmed)'
[2022-11-03 13:38:38,763] multiqc.modules.base_module                        [DEBUG  ]  fastqc/zip - Selecting 'VPA_SIM_5_trimmed_fastqc.zip' as it matched the path_filters for 'FastQC (trimmed)'
[2022-11-03 13:38:38,811] multiqc.modules.base_module                        [DEBUG  ]  fastqc/zip - Selecting 'GEM_50_TAX_10_3_trimmed_fastqc.zip' as it matched the path_filters for 'FastQC (trimmed)'
[2022-11-03 13:38:38,876] multiqc.modules.base_module                        [DEBUG  ]  fastqc/zip - Selecting 'VPA_2_trimmed_fastqc.zip' as it matched the path_filters for 'FastQC (trimmed)'
[2022-11-03 13:38:38,931] multiqc.modules.base_module                        [DEBUG  ]  fastqc/zip - Selecting 'VS_GEM_50_TAX_10_4_trimmed_fastqc.zip' as it matched the path_filters for 'FastQC (trimmed)'
[2022-11-03 13:38:38,976] multiqc.modules.base_module                        [DEBUG  ]  fastqc/zip - Selecting 'SIM_4_trimmed_fastqc.zip' as it matched the path_filters for 'FastQC (trimmed)'
[2022-11-03 13:38:39,011] multiqc.modules.base_module                        [DEBUG  ]  fastqc/zip - Selecting 'VS_GEM_50_TAX_10_1_trimmed_fastqc.zip' as it matched the path_filters for 'FastQC (trimmed)'
[2022-11-03 13:38:39,046] multiqc.modules.base_module                        [DEBUG  ]  fastqc/zip - Selecting 'CTR_2_trimmed_fastqc.zip' as it matched the path_filters for 'FastQC (trimmed)'
[2022-11-03 13:38:39,092] multiqc.modules.base_module                        [DEBUG  ]  fastqc/zip - Selecting 'VS_GEM_50_TAX_10_2_trimmed_fastqc.zip' as it matched the path_filters for 'FastQC (trimmed)'
[2022-11-03 13:38:39,127] multiqc.modules.base_module                        [DEBUG  ]  fastqc/zip - Selecting 'VPA_3_trimmed_fastqc.zip' as it matched the path_filters for 'FastQC (trimmed)'
[2022-11-03 13:38:39,184] multiqc.modules.base_module                        [DEBUG  ]  fastqc/zip - Selecting 'SIM_2_trimmed_fastqc.zip' as it matched the path_filters for 'FastQC (trimmed)'
[2022-11-03 13:38:39,250] multiqc.modules.base_module                        [DEBUG  ]  fastqc/zip - Selecting 'VPA_4_trimmed_fastqc.zip' as it matched the path_filters for 'FastQC (trimmed)'
[2022-11-03 13:38:39,299] multiqc.modules.base_module                        [DEBUG  ]  fastqc/zip - Selecting 'CTR_4_trimmed_fastqc.zip' as it matched the path_filters for 'FastQC (trimmed)'
[2022-11-03 13:38:39,358] multiqc.modules.base_module                        [DEBUG  ]  fastqc/zip - Selecting 'GEM_50_TAX_10_5_trimmed_fastqc.zip' as it matched the path_filters for 'FastQC (trimmed)'
[2022-11-03 13:38:39,413] multiqc.modules.base_module                        [DEBUG  ]  fastqc/zip - Selecting 'VPA_6_trimmed_fastqc.zip' as it matched the path_filters for 'FastQC (trimmed)'
[2022-11-03 13:38:39,447] multiqc.modules.base_module                        [DEBUG  ]  fastqc/zip - Selecting 'SIM_6_trimmed_fastqc.zip' as it matched the path_filters for 'FastQC (trimmed)'
[2022-11-03 13:38:39,505] multiqc.modules.base_module                        [DEBUG  ]  fastqc/zip - Selecting 'CTR_1_trimmed_fastqc.zip' as it matched the path_filters for 'FastQC (trimmed)'
[2022-11-03 13:38:39,557] multiqc.modules.base_module                        [DEBUG  ]  fastqc/zip - Selecting 'VPA_SIM_1_trimmed_fastqc.zip' as it matched the path_filters for 'FastQC (trimmed)'
[2022-11-03 13:38:39,602] multiqc.modules.base_module                        [DEBUG  ]  fastqc/zip - Selecting 'VPA_SIM_3_trimmed_fastqc.zip' as it matched the path_filters for 'FastQC (trimmed)'
[2022-11-03 13:38:39,664] multiqc.modules.base_module                        [DEBUG  ]  fastqc/zip - Selecting 'VPA_SIM_2_trimmed_fastqc.zip' as it matched the path_filters for 'FastQC (trimmed)'
[2022-11-03 13:38:39,699] multiqc.modules.base_module                        [DEBUG  ]  fastqc/zip - Selecting 'VS_GEM_50_TAX_10_3_trimmed_fastqc.zip' as it matched the path_filters for 'FastQC (trimmed)'
[2022-11-03 13:38:39,755] multiqc.modules.base_module                        [DEBUG  ]  fastqc/zip - Selecting 'VPA_1_trimmed_fastqc.zip' as it matched the path_filters for 'FastQC (trimmed)'
[2022-11-03 13:38:39,817] multiqc.modules.base_module                        [DEBUG  ]  fastqc/zip - Selecting 'VPA_5_trimmed_fastqc.zip' as it matched the path_filters for 'FastQC (trimmed)'
[2022-11-03 13:38:39,852] multiqc.modules.base_module                        [DEBUG  ]  fastqc/zip - Selecting 'SIM_5_trimmed_fastqc.zip' as it matched the path_filters for 'FastQC (trimmed)'
[2022-11-03 13:38:39,886] multiqc.modules.base_module                        [DEBUG  ]  fastqc/zip - Selecting 'CTR_6_trimmed_fastqc.zip' as it matched the path_filters for 'FastQC (trimmed)'
[2022-11-03 13:38:39,933] multiqc.modules.base_module                        [DEBUG  ]  fastqc/zip - Selecting 'SIM_3_trimmed_fastqc.zip' as it matched the path_filters for 'FastQC (trimmed)'
[2022-11-03 13:38:39,978] multiqc.modules.base_module                        [DEBUG  ]  fastqc/zip - Selecting 'CTR_3_trimmed_fastqc.zip' as it matched the path_filters for 'FastQC (trimmed)'
[2022-11-03 13:38:40,028] multiqc.modules.base_module                        [DEBUG  ]  fastqc/zip - Selecting 'VS_GEM_50_TAX_10_5_trimmed_fastqc.zip' as it matched the path_filters for 'FastQC (trimmed)'
[2022-11-03 13:38:40,083] multiqc.modules.base_module                        [DEBUG  ]  fastqc/zip - Selecting 'GEM_50_TAX_10_6_trimmed_fastqc.zip' as it matched the path_filters for 'FastQC (trimmed)'
[2022-11-03 13:38:40,137] multiqc.modules.fastqc.fastqc                      [INFO   ]  Found 34 reports
[2022-11-03 13:38:45,245] multiqc                                            [DEBUG  ]  Reordering sections: anchor 'software_versions' not found for module 'WARNING: Fail Strand Check'.
[2022-11-03 13:38:45,245] multiqc                                            [DEBUG  ]  Reordering sections: anchor 'nf-core-rnaseq-summary' not found for module 'WARNING: Fail Strand Check'.
[2022-11-03 13:38:45,245] multiqc                                            [DEBUG  ]  Reordering sections: anchor 'software_versions' not found for module 'STAR_SALMON DESeq2 sample similarity'.
[2022-11-03 13:38:45,245] multiqc                                            [DEBUG  ]  Reordering sections: anchor 'nf-core-rnaseq-summary' not found for module 'STAR_SALMON DESeq2 sample similarity'.
[2022-11-03 13:38:45,245] multiqc                                            [DEBUG  ]  Reordering sections: anchor 'software_versions' not found for module 'STAR_SALMON DESeq2 PCA plot'.
[2022-11-03 13:38:45,245] multiqc                                            [DEBUG  ]  Reordering sections: anchor 'nf-core-rnaseq-summary' not found for module 'STAR_SALMON DESeq2 PCA plot'.
[2022-11-03 13:38:45,245] multiqc                                            [DEBUG  ]  Reordering sections: anchor 'software_versions' not found for module 'Biotype Counts'.
[2022-11-03 13:38:45,245] multiqc                                            [DEBUG  ]  Reordering sections: anchor 'nf-core-rnaseq-summary' not found for module 'Biotype Counts'.
[2022-11-03 13:38:45,245] multiqc                                            [DEBUG  ]  Reordering sections: anchor 'software_versions' not found for module 'DupRadar'.
[2022-11-03 13:38:45,245] multiqc                                            [DEBUG  ]  Reordering sections: anchor 'nf-core-rnaseq-summary' not found for module 'DupRadar'.
[2022-11-03 13:38:45,245] multiqc                                            [DEBUG  ]  Reordering sections: anchor 'software_versions' not found for module 'Picard'.
[2022-11-03 13:38:45,245] multiqc                                            [DEBUG  ]  Reordering sections: anchor 'nf-core-rnaseq-summary' not found for module 'Picard'.
[2022-11-03 13:38:45,245] multiqc                                            [DEBUG  ]  Reordering sections: anchor 'software_versions' not found for module 'Preseq'.
[2022-11-03 13:38:45,245] multiqc                                            [DEBUG  ]  Reordering sections: anchor 'nf-core-rnaseq-summary' not found for module 'Preseq'.
[2022-11-03 13:38:45,245] multiqc                                            [DEBUG  ]  Reordering sections: anchor 'software_versions' not found for module 'QualiMap'.
[2022-11-03 13:38:45,245] multiqc                                            [DEBUG  ]  Reordering sections: anchor 'nf-core-rnaseq-summary' not found for module 'QualiMap'.
[2022-11-03 13:38:45,245] multiqc                                            [DEBUG  ]  Reordering sections: anchor 'software_versions' not found for module 'RSeQC'.
[2022-11-03 13:38:45,245] multiqc                                            [DEBUG  ]  Reordering sections: anchor 'nf-core-rnaseq-summary' not found for module 'RSeQC'.
[2022-11-03 13:38:45,245] multiqc                                            [DEBUG  ]  Reordering sections: anchor 'software_versions' not found for module 'Samtools'.
[2022-11-03 13:38:45,245] multiqc                                            [DEBUG  ]  Reordering sections: anchor 'nf-core-rnaseq-summary' not found for module 'Samtools'.
[2022-11-03 13:38:45,245] multiqc                                            [DEBUG  ]  Reordering sections: anchor 'software_versions' not found for module 'STAR'.
[2022-11-03 13:38:45,245] multiqc                                            [DEBUG  ]  Reordering sections: anchor 'nf-core-rnaseq-summary' not found for module 'STAR'.
[2022-11-03 13:38:45,245] multiqc                                            [DEBUG  ]  Reordering sections: anchor 'software_versions' not found for module 'FastQC (raw)'.
[2022-11-03 13:38:45,245] multiqc                                            [DEBUG  ]  Reordering sections: anchor 'nf-core-rnaseq-summary' not found for module 'FastQC (raw)'.
[2022-11-03 13:38:45,245] multiqc                                            [DEBUG  ]  Reordering sections: anchor 'software_versions' not found for module 'Cutadapt'.
[2022-11-03 13:38:45,245] multiqc                                            [DEBUG  ]  Reordering sections: anchor 'nf-core-rnaseq-summary' not found for module 'Cutadapt'.
[2022-11-03 13:38:45,245] multiqc                                            [DEBUG  ]  Reordering sections: anchor 'software_versions' not found for module 'FastQC (trimmed)'.
[2022-11-03 13:38:45,245] multiqc                                            [DEBUG  ]  Reordering sections: anchor 'nf-core-rnaseq-summary' not found for module 'FastQC (trimmed)'.
[2022-11-03 13:38:45,245] multiqc                                            [DEBUG  ]  Reordering sections: anchor 'software_versions' not found for module 'nf-core/rnaseq Software Versions'.
[2022-11-03 13:38:45,246] multiqc                                            [DEBUG  ]  Reordering sections: anchor 'nf-core-rnaseq-summary' not found for module 'nf-core/rnaseq Software Versions'.
[2022-11-03 13:38:45,246] multiqc                                            [DEBUG  ]  Reordering sections: anchor 'software_versions' not found for module 'nf-core/rnaseq Workflow Summary'.
[2022-11-03 13:38:45,246] multiqc                                            [DEBUG  ]  Reordering sections: anchor 'nf-core-rnaseq-summary' not found for module 'nf-core/rnaseq Workflow Summary'.
[2022-11-03 13:38:45,375] multiqc                                            [INFO   ]  Compressing plot data
[2022-11-03 13:38:52,481] multiqc                                            [INFO   ]  Report      : multiqc_report.html
[2022-11-03 13:38:52,481] multiqc                                            [INFO   ]  Data        : multiqc_data
[2022-11-03 13:38:52,481] multiqc                                            [DEBUG  ]  Moving data file from '/tmp/tmpd5wiin3k/multiqc_data' to '/storage2/Bermejo/work/4f/4254ad1effb14a285098de5e77c400/multiqc_data'
[2022-11-03 13:38:52,518] multiqc                                            [INFO   ]  Plots       : multiqc_plots
[2022-11-03 13:38:52,519] multiqc                                            [DEBUG  ]  Moving plots directory from '/tmp/tmpd5wiin3k/multiqc_plots' to '/storage2/Bermejo/work/4f/4254ad1effb14a285098de5e77c400/multiqc_plots'
[2022-11-03 13:38:52,603] multiqc                                            [INFO   ]  MultiQC complete
